Test-focused sweep: runs=1000 / candidates=10080 (epochs=10, split_strategy=random, seed=42, split=70/15/15, train_max_samples=50000)
[001/1000] big4   hidden=1024,512,256,128         bs=4096 lr=0.004  do=0.0  wd=0.0005 test_rmse=0.4407  test_acc=77.44% (last=77.44%)  (14.62s)
[002/1000] big5   hidden=1024,512,256,128,64      bs=2048 lr=0.0015 do=0.05 wd=1e-05  test_rmse=0.5258  test_acc=75.78% (last=75.78%)  (19.11s)
[003/1000] deep4  hidden=512,256,128,64           bs=4096 lr=0.004  do=0.05 wd=0.0    test_rmse=0.4710  test_acc=76.65% (last=76.65%)  (16.47s)
[004/1000] huge4  hidden=2048,1024,512,256        bs=2048 lr=0.003  do=0.05 wd=0.0    test_rmse=0.6375  test_acc=61.96% (last=61.96%)  (45.54s)
[005/1000] big4   hidden=1024,512,256,128         bs=2048 lr=0.002  do=0.0  wd=0.0001 test_rmse=0.4281  test_acc=77.68% (last=77.68%)  (18.85s)
[006/1000] deep6  hidden=1024,512,512,256,128,64  bs=2048 lr=0.003  do=0.0  wd=1e-06  test_rmse=0.4712  test_acc=76.58% (last=76.58%)  (22.18s)
[007/1000] big4   hidden=1024,512,256,128         bs=2048 lr=0.002  do=0.0  wd=0.0001 test_rmse=0.4151  test_acc=78.08% (last=78.08%)  (18.98s)
[008/1000] wide3  hidden=1024,1024,512            bs=2048 lr=0.0015 do=0.05 wd=0.0001 test_rmse=0.4216  test_acc=77.72% (last=77.72%)  (30.67s)
[009/1000] huge3  hidden=2048,1024,512            bs=4096 lr=0.001  do=0.1  wd=0.0    test_rmse=0.5049  test_acc=76.10% (last=76.10%)  (36.17s)
[010/1000] deep4  hidden=512,256,128,64           bs=4096 lr=0.004  do=0.1  wd=0.0    test_rmse=0.5196  test_acc=75.77% (last=75.77%)  (15.57s)
[011/1000] big4   hidden=1024,512,256,128         bs=8192 lr=0.003  do=0.2  wd=0.001  test_rmse=0.7026  test_acc=70.03% (last=70.03%)  (20.79s)
[012/1000] huge4  hidden=2048,1024,512,256        bs=8192 lr=0.001  do=0.2  wd=0.0    test_rmse=0.9684  test_acc=69.06% (last=69.06%)  (36.74s)
[013/1000] deep4  hidden=512,256,128,64           bs=4096 lr=0.002  do=0.1  wd=0.001  test_rmse=0.7096  test_acc=73.25% (last=73.25%)  (15.07s)
[014/1000] big5   hidden=1024,512,256,128,64      bs=1024 lr=0.003  do=0.0  wd=1e-05  test_rmse=0.4216  test_acc=78.13% (last=78.13%)  (20.17s)
[015/1000] big4   hidden=1024,512,256,128         bs=2048 lr=0.004  do=0.05 wd=0.001  test_rmse=0.4170  test_acc=77.26% (last=77.30%)  (21.36s)
[016/1000] huge4  hidden=2048,1024,512,256        bs=4096 lr=0.0015 do=0.2  wd=0.0    test_rmse=0.7068  test_acc=71.86% (last=70.94%)  (37.34s)
[017/1000] deep4  hidden=512,256,128,64           bs=2048 lr=0.001  do=0.05 wd=0.0001 test_rmse=0.5799  test_acc=75.33% (last=75.33%)  (14.66s)
[018/1000] huge3  hidden=2048,1024,512            bs=2048 lr=0.002  do=0.05 wd=1e-06  test_rmse=0.4201  test_acc=77.66% (last=77.66%)  (37.62s)
[019/1000] wide3  hidden=1024,1024,512            bs=8192 lr=0.003  do=0.0  wd=1e-05  test_rmse=1.0292  test_acc=45.88% (last=45.88%)  (22.79s)
[020/1000] huge4  hidden=2048,1024,512,256        bs=2048 lr=0.001  do=0.0  wd=1e-06  test_rmse=0.4647  test_acc=76.88% (last=76.88%)  (31.78s)
[021/1000] big5   hidden=1024,512,256,128,64      bs=8192 lr=0.002  do=0.2  wd=1e-05  test_rmse=0.9081  test_acc=62.59% (last=63.32%)  (22.04s)
[022/1000] deep4  hidden=512,256,128,64           bs=2048 lr=0.001  do=0.05 wd=1e-06  test_rmse=0.5796  test_acc=75.31% (last=75.31%)  (15.07s)
[023/1000] big5   hidden=1024,512,256,128,64      bs=4096 lr=0.003  do=0.05 wd=1e-06  test_rmse=0.4910  test_acc=76.64% (last=76.64%)  (22.43s)
[024/1000] huge4  hidden=2048,1024,512,256        bs=2048 lr=0.002  do=0.2  wd=1e-06  test_rmse=0.4510  test_acc=76.52% (last=76.52%)  (40.24s)
[025/1000] deep4  hidden=512,256,128,64           bs=1024 lr=0.0015 do=0.1  wd=0.001  test_rmse=0.4871  test_acc=75.72% (last=75.64%)  (16.24s)
[026/1000] huge3  hidden=2048,1024,512            bs=2048 lr=0.001  do=0.05 wd=1e-05  test_rmse=0.4312  test_acc=77.85% (last=77.85%)  (43.15s)
[027/1000] huge4  hidden=2048,1024,512,256        bs=2048 lr=0.002  do=0.05 wd=1e-05  test_rmse=0.4123  test_acc=78.01% (last=78.01%)  (40.76s)
[028/1000] deep4  hidden=512,256,128,64           bs=8192 lr=0.0015 do=0.05 wd=0.001  test_rmse=1.0431  test_acc=62.25% (last=62.25%)  (16.2s)
[029/1000] huge4  hidden=2048,1024,512,256        bs=1024 lr=0.004  do=0.0  wd=0.001  test_rmse=0.3781  test_acc=79.05% (last=79.33%)  (42.89s)
[030/1000] big5   hidden=1024,512,256,128,64      bs=2048 lr=0.001  do=0.05 wd=0.0001 test_rmse=0.5999  test_acc=74.34% (last=74.34%)  (22.83s)
[031/1000] big4   hidden=1024,512,256,128         bs=8192 lr=0.004  do=0.1  wd=0.001  test_rmse=0.5224  test_acc=73.55% (last=72.53%)  (20.38s)
[032/1000] huge4  hidden=2048,1024,512,256        bs=2048 lr=0.001  do=0.1  wd=0.0    test_rmse=0.4800  test_acc=77.18% (last=77.18%)  (38.86s)
[033/1000] big5   hidden=1024,512,256,128,64      bs=4096 lr=0.004  do=0.1  wd=0.0005 test_rmse=0.5225  test_acc=74.48% (last=74.48%)  (21.84s)
[034/1000] wide3  hidden=1024,1024,512            bs=1024 lr=0.003  do=0.05 wd=0.0005 test_rmse=0.7707  test_acc=59.07% (last=53.42%)  (29.63s)
[035/1000] huge4  hidden=2048,1024,512,256        bs=1024 lr=0.0015 do=0.2  wd=1e-05  test_rmse=0.4282  test_acc=76.90% (last=74.43%)  (43.02s)
[036/1000] huge4  hidden=2048,1024,512,256        bs=4096 lr=0.002  do=0.05 wd=0.0001 test_rmse=0.5026  test_acc=76.09% (last=76.09%)  (36.81s)
[037/1000] big5   hidden=1024,512,256,128,64      bs=4096 lr=0.003  do=0.1  wd=0.0005 test_rmse=0.4776  test_acc=76.22% (last=69.31%)  (21.83s)
[038/1000] big5   hidden=1024,512,256,128,64      bs=4096 lr=0.002  do=0.2  wd=1e-05  test_rmse=0.7597  test_acc=68.69% (last=58.45%)  (22.24s)
[039/1000] wide3  hidden=1024,1024,512            bs=8192 lr=0.002  do=0.0  wd=0.0005 test_rmse=0.5343  test_acc=75.22% (last=75.22%)  (22.23s)
[040/1000] wide3  hidden=1024,1024,512            bs=2048 lr=0.001  do=0.1  wd=0.001  test_rmse=0.4488  test_acc=77.26% (last=77.26%)  (28.68s)
[041/1000] huge3  hidden=2048,1024,512            bs=2048 lr=0.002  do=0.2  wd=0.001  test_rmse=0.4330  test_acc=77.20% (last=77.20%)  (39.01s)
[042/1000] huge4  hidden=2048,1024,512,256        bs=1024 lr=0.003  do=0.0  wd=0.0    test_rmse=0.3844  test_acc=78.57% (last=78.57%)  (38.16s)
[043/1000] big5   hidden=1024,512,256,128,64      bs=1024 lr=0.003  do=0.2  wd=0.001  test_rmse=0.4818  test_acc=74.43% (last=59.68%)  (26.37s)
[044/1000] deep6  hidden=1024,512,512,256,128,64  bs=4096 lr=0.004  do=0.0  wd=0.0001 test_rmse=0.4559  test_acc=77.06% (last=77.06%)  (21.36s)
[045/1000] deep4  hidden=512,256,128,64           bs=2048 lr=0.002  do=0.1  wd=1e-06  test_rmse=0.5000  test_acc=75.30% (last=75.30%)  (14.98s)
[046/1000] big5   hidden=1024,512,256,128,64      bs=1024 lr=0.002  do=0.0  wd=0.0    test_rmse=0.4128  test_acc=78.22% (last=78.46%)  (20.95s)
[047/1000] big4   hidden=1024,512,256,128         bs=1024 lr=0.001  do=0.1  wd=1e-06  test_rmse=0.4352  test_acc=76.95% (last=73.49%)  (21.9s)
[048/1000] deep4  hidden=512,256,128,64           bs=4096 lr=0.004  do=0.05 wd=0.0005 test_rmse=0.5033  test_acc=76.10% (last=76.10%)  (14.7s)
[049/1000] deep6  hidden=1024,512,512,256,128,64  bs=1024 lr=0.001  do=0.0  wd=0.0001 test_rmse=0.4206  test_acc=78.16% (last=78.16%)  (22.75s)
[050/1000] big5   hidden=1024,512,256,128,64      bs=1024 lr=0.001  do=0.1  wd=1e-05  test_rmse=0.4661  test_acc=76.07% (last=73.08%)  (23.58s)
[051/1000] deep4  hidden=512,256,128,64           bs=2048 lr=0.003  do=0.2  wd=0.0001 test_rmse=0.4931  test_acc=74.98% (last=74.98%)  (14.66s)
[052/1000] huge3  hidden=2048,1024,512            bs=4096 lr=0.001  do=0.2  wd=0.0001 test_rmse=0.5124  test_acc=75.80% (last=75.80%)  (41.57s)
[053/1000] huge4  hidden=2048,1024,512,256        bs=8192 lr=0.001  do=0.05 wd=1e-05  test_rmse=0.9243  test_acc=68.47% (last=67.61%)  (38.09s)
[054/1000] wide3  hidden=1024,1024,512            bs=8192 lr=0.004  do=0.2  wd=1e-06  test_rmse=0.5583  test_acc=71.77% (last=71.77%)  (27.61s)
[055/1000] big5   hidden=1024,512,256,128,64      bs=1024 lr=0.0015 do=0.2  wd=0.0001 test_rmse=0.4746  test_acc=75.19% (last=55.19%)  (24.97s)
[056/1000] big4   hidden=1024,512,256,128         bs=1024 lr=0.004  do=0.05 wd=0.0001 test_rmse=0.4163  test_acc=76.38% (last=76.40%)  (24.96s)
[057/1000] big5   hidden=1024,512,256,128,64      bs=4096 lr=0.002  do=0.1  wd=0.0001 test_rmse=0.6402  test_acc=72.82% (last=72.82%)  (22.61s)
[058/1000] big4   hidden=1024,512,256,128         bs=1024 lr=0.001  do=0.05 wd=0.0    test_rmse=0.4233  test_acc=77.38% (last=77.62%)  (25.06s)
[059/1000] big4   hidden=1024,512,256,128         bs=1024 lr=0.002  do=0.2  wd=0.0001 test_rmse=0.4535  test_acc=73.91% (last=74.74%)  (22.24s)
[060/1000] deep6  hidden=1024,512,512,256,128,64  bs=2048 lr=0.0015 do=0.05 wd=0.0005 test_rmse=0.4713  test_acc=76.26% (last=76.26%)  (25.19s)
[061/1000] huge3  hidden=2048,1024,512            bs=8192 lr=0.0015 do=0.2  wd=0.0005 test_rmse=0.5698  test_acc=73.95% (last=73.95%)  (34.53s)
[062/1000] deep4  hidden=512,256,128,64           bs=8192 lr=0.002  do=0.2  wd=1e-05  test_rmse=0.9075  test_acc=66.98% (last=66.98%)  (14.7s)
[063/1000] wide3  hidden=1024,1024,512            bs=2048 lr=0.004  do=0.1  wd=0.001  test_rmse=0.3928  test_acc=78.43% (last=77.99%)  (28.66s)
[064/1000] deep6  hidden=1024,512,512,256,128,64  bs=8192 lr=0.003  do=0.0  wd=0.0001 test_rmse=0.7353  test_acc=67.42% (last=67.42%)  (20.01s)
[065/1000] deep4  hidden=512,256,128,64           bs=4096 lr=0.002  do=0.0  wd=1e-05  test_rmse=0.5604  test_acc=74.73% (last=74.73%)  (13.83s)
[066/1000] huge3  hidden=2048,1024,512            bs=8192 lr=0.004  do=0.1  wd=1e-05  test_rmse=0.9826  test_acc=49.37% (last=49.37%)  (35.19s)
[067/1000] huge4  hidden=2048,1024,512,256        bs=4096 lr=0.0015 do=0.1  wd=0.0    test_rmse=0.6555  test_acc=72.76% (last=72.76%)  (38.25s)
[068/1000] wide3  hidden=1024,1024,512            bs=4096 lr=0.0015 do=0.0  wd=0.0    test_rmse=0.4965  test_acc=76.28% (last=76.28%)  (23.04s)
[069/1000] big4   hidden=1024,512,256,128         bs=4096 lr=0.002  do=0.2  wd=0.0    test_rmse=0.5539  test_acc=73.83% (last=73.83%)  (21.0s)
[070/1000] deep6  hidden=1024,512,512,256,128,64  bs=4096 lr=0.002  do=0.2  wd=1e-05  test_rmse=0.7019  test_acc=66.54% (last=65.17%)  (25.52s)
[071/1000] big5   hidden=1024,512,256,128,64      bs=2048 lr=0.003  do=0.2  wd=0.0    test_rmse=0.4530  test_acc=75.14% (last=51.07%)  (22.13s)
[072/1000] huge3  hidden=2048,1024,512            bs=2048 lr=0.0015 do=0.2  wd=1e-06  test_rmse=0.4111  test_acc=77.57% (last=75.44%)  (37.03s)
[073/1000] huge4  hidden=2048,1024,512,256        bs=8192 lr=0.004  do=0.0  wd=1e-06  test_rmse=0.7318  test_acc=65.18% (last=65.18%)  (31.26s)
[074/1000] deep4  hidden=512,256,128,64           bs=4096 lr=0.003  do=0.1  wd=0.0001 test_rmse=0.5276  test_acc=74.77% (last=74.77%)  (16.11s)
[075/1000] huge4  hidden=2048,1024,512,256        bs=2048 lr=0.003  do=0.1  wd=0.001  test_rmse=0.5152  test_acc=68.98% (last=69.34%)  (38.98s)
[076/1000] huge4  hidden=2048,1024,512,256        bs=1024 lr=0.004  do=0.0  wd=0.0005 test_rmse=0.3754  test_acc=79.38% (last=79.38%)  (37.52s)
[077/1000] big5   hidden=1024,512,256,128,64      bs=8192 lr=0.001  do=0.05 wd=1e-05  test_rmse=1.0018  test_acc=66.70% (last=66.70%)  (22.35s)
[078/1000] huge3  hidden=2048,1024,512            bs=4096 lr=0.002  do=0.2  wd=0.0005 test_rmse=0.5332  test_acc=74.68% (last=74.68%)  (37.31s)
[079/1000] big4   hidden=1024,512,256,128         bs=8192 lr=0.001  do=0.0  wd=1e-05  test_rmse=0.9414  test_acc=70.44% (last=70.44%)  (17.49s)
[080/1000] big4   hidden=1024,512,256,128         bs=8192 lr=0.0015 do=0.2  wd=1e-06  test_rmse=0.9865  test_acc=66.58% (last=67.20%)  (21.23s)
[081/1000] big4   hidden=1024,512,256,128         bs=1024 lr=0.0015 do=0.1  wd=1e-06  test_rmse=0.4277  test_acc=76.70% (last=73.95%)  (24.32s)
[082/1000] big5   hidden=1024,512,256,128,64      bs=4096 lr=0.0015 do=0.0  wd=0.001  test_rmse=0.7466  test_acc=73.42% (last=73.42%)  (17.67s)
[083/1000] deep4  hidden=512,256,128,64           bs=4096 lr=0.0015 do=0.2  wd=0.0    test_rmse=0.6458  test_acc=73.43% (last=73.43%)  (15.68s)
[084/1000] big4   hidden=1024,512,256,128         bs=4096 lr=0.004  do=0.1  wd=1e-06  test_rmse=0.4541  test_acc=77.15% (last=76.86%)  (20.86s)
[085/1000] huge3  hidden=2048,1024,512            bs=8192 lr=0.003  do=0.2  wd=1e-05  test_rmse=0.5686  test_acc=72.18% (last=72.18%)  (35.4s)
[086/1000] wide3  hidden=1024,1024,512            bs=1024 lr=0.001  do=0.05 wd=0.0    test_rmse=0.3984  test_acc=78.10% (last=78.10%)  (30.87s)
[087/1000] deep4  hidden=512,256,128,64           bs=1024 lr=0.003  do=0.2  wd=0.0001 test_rmse=0.4747  test_acc=73.75% (last=73.75%)  (15.21s)
[088/1000] huge4  hidden=2048,1024,512,256        bs=1024 lr=0.004  do=0.1  wd=1e-05  test_rmse=0.3929  test_acc=77.74% (last=77.74%)  (45.89s)
[089/1000] deep6  hidden=1024,512,512,256,128,64  bs=8192 lr=0.003  do=0.05 wd=1e-05  test_rmse=1.0084  test_acc=45.57% (last=45.57%)  (24.61s)
[090/1000] huge3  hidden=2048,1024,512            bs=1024 lr=0.0015 do=0.05 wd=1e-05  test_rmse=0.3902  test_acc=78.29% (last=72.02%)  (43.32s)
[091/1000] wide3  hidden=1024,1024,512            bs=4096 lr=0.0015 do=0.1  wd=0.0005 test_rmse=0.5184  test_acc=75.65% (last=75.65%)  (27.32s)
[092/1000] big4   hidden=1024,512,256,128         bs=4096 lr=0.004  do=0.05 wd=1e-06  test_rmse=0.4298  test_acc=76.98% (last=76.98%)  (23.49s)
[093/1000] wide3  hidden=1024,1024,512            bs=8192 lr=0.004  do=0.2  wd=0.0001 test_rmse=0.5583  test_acc=71.77% (last=71.77%)  (28.41s)
[094/1000] wide3  hidden=1024,1024,512            bs=8192 lr=0.002  do=0.0  wd=0.001  test_rmse=0.5343  test_acc=75.22% (last=75.22%)  (23.57s)
[095/1000] huge4  hidden=2048,1024,512,256        bs=1024 lr=0.001  do=0.0  wd=0.0001 test_rmse=0.4047  test_acc=77.63% (last=78.18%)  (39.2s)
[096/1000] huge3  hidden=2048,1024,512            bs=4096 lr=0.002  do=0.05 wd=0.001  test_rmse=0.5375  test_acc=74.38% (last=74.38%)  (35.35s)
[097/1000] big5   hidden=1024,512,256,128,64      bs=8192 lr=0.004  do=0.2  wd=1e-05  test_rmse=1.1467  test_acc=34.57% (last=21.52%)  (20.7s)
[098/1000] big5   hidden=1024,512,256,128,64      bs=2048 lr=0.001  do=0.05 wd=1e-05  test_rmse=0.5522  test_acc=75.75% (last=75.75%)  (22.13s)
[099/1000] deep6  hidden=1024,512,512,256,128,64  bs=2048 lr=0.002  do=0.0  wd=0.0    test_rmse=0.4238  test_acc=78.15% (last=78.15%)  (21.18s)
[100/1000] huge4  hidden=2048,1024,512,256        bs=4096 lr=0.0015 do=0.2  wd=1e-05  test_rmse=0.6995  test_acc=72.29% (last=72.29%)  (36.86s)
[101/1000] wide3  hidden=1024,1024,512            bs=8192 lr=0.003  do=0.2  wd=0.0005 test_rmse=1.3331  test_acc=33.95% (last=33.95%)  (26.06s)
[102/1000] deep4  hidden=512,256,128,64           bs=4096 lr=0.001  do=0.1  wd=0.0001 test_rmse=0.7312  test_acc=72.39% (last=72.39%)  (15.17s)
[103/1000] deep6  hidden=1024,512,512,256,128,64  bs=8192 lr=0.003  do=0.2  wd=0.0005 test_rmse=1.5706  test_acc=32.12% (last=13.13%)  (24.04s)
[104/1000] big5   hidden=1024,512,256,128,64      bs=4096 lr=0.0015 do=0.2  wd=0.0005 test_rmse=1.0122  test_acc=67.46% (last=59.43%)  (21.74s)
[105/1000] deep4  hidden=512,256,128,64           bs=8192 lr=0.002  do=0.1  wd=0.0005 test_rmse=0.7224  test_acc=69.07% (last=69.07%)  (14.79s)
[106/1000] wide3  hidden=1024,1024,512            bs=4096 lr=0.003  do=0.0  wd=0.001  test_rmse=0.6274  test_acc=72.38% (last=72.38%)  (22.76s)
[107/1000] deep6  hidden=1024,512,512,256,128,64  bs=8192 lr=0.001  do=0.0  wd=0.001  test_rmse=0.9291  test_acc=70.03% (last=70.03%)  (19.91s)
[108/1000] big5   hidden=1024,512,256,128,64      bs=2048 lr=0.0015 do=0.1  wd=0.0005 test_rmse=0.5350  test_acc=73.72% (last=71.93%)  (21.83s)
[109/1000] big4   hidden=1024,512,256,128         bs=1024 lr=0.002  do=0.2  wd=0.0    test_rmse=0.4539  test_acc=73.95% (last=74.76%)  (24.49s)
[110/1000] huge4  hidden=2048,1024,512,256        bs=2048 lr=0.004  do=0.2  wd=0.001  test_rmse=0.5618  test_acc=65.93% (last=66.72%)  (38.68s)
[111/1000] deep6  hidden=1024,512,512,256,128,64  bs=2048 lr=0.003  do=0.05 wd=0.0005 test_rmse=0.5226  test_acc=74.62% (last=62.94%)  (26.2s)
[112/1000] deep4  hidden=512,256,128,64           bs=1024 lr=0.004  do=0.1  wd=0.0    test_rmse=0.4366  test_acc=74.39% (last=74.39%)  (16.4s)
[113/1000] huge3  hidden=2048,1024,512            bs=2048 lr=0.003  do=0.0  wd=0.0005 test_rmse=0.3801  test_acc=79.21% (last=79.21%)  (30.62s)
[114/1000] deep6  hidden=1024,512,512,256,128,64  bs=4096 lr=0.001  do=0.05 wd=0.0001 test_rmse=0.6868  test_acc=72.34% (last=72.34%)  (27.88s)
[115/1000] huge4  hidden=2048,1024,512,256        bs=4096 lr=0.004  do=0.0  wd=0.0001 test_rmse=0.4643  test_acc=76.16% (last=76.16%)  (32.4s)
[116/1000] wide3  hidden=1024,1024,512            bs=4096 lr=0.001  do=0.0  wd=0.0001 test_rmse=0.5455  test_acc=75.52% (last=75.52%)  (22.86s)
[117/1000] huge4  hidden=2048,1024,512,256        bs=8192 lr=0.0015 do=0.2  wd=0.0    test_rmse=1.2249  test_acc=56.49% (last=56.49%)  (36.28s)
[118/1000] big4   hidden=1024,512,256,128         bs=1024 lr=0.0015 do=0.0  wd=1e-06  test_rmse=0.3974  test_acc=78.60% (last=78.57%)  (20.93s)
[119/1000] huge4  hidden=2048,1024,512,256        bs=8192 lr=0.001  do=0.0  wd=0.001  test_rmse=0.8407  test_acc=70.68% (last=70.68%)  (29.96s)
[120/1000] wide3  hidden=1024,1024,512            bs=4096 lr=0.003  do=0.1  wd=0.001  test_rmse=0.9868  test_acc=50.26% (last=30.84%)  (27.1s)
[121/1000] big4   hidden=1024,512,256,128         bs=4096 lr=0.0015 do=0.0  wd=0.0001 test_rmse=0.5583  test_acc=75.77% (last=75.77%)  (18.07s)
[122/1000] huge4  hidden=2048,1024,512,256        bs=8192 lr=0.001  do=0.1  wd=0.0005 test_rmse=0.9347  test_acc=71.06% (last=71.06%)  (38.26s)
[123/1000] deep6  hidden=1024,512,512,256,128,64  bs=4096 lr=0.001  do=0.1  wd=0.0    test_rmse=0.7010  test_acc=71.24% (last=71.24%)  (25.72s)
[124/1000] big5   hidden=1024,512,256,128,64      bs=8192 lr=0.004  do=0.1  wd=0.0    test_rmse=0.7636  test_acc=26.62% (last=26.62%)  (20.82s)
[125/1000] deep6  hidden=1024,512,512,256,128,64  bs=2048 lr=0.0015 do=0.1  wd=0.0005 test_rmse=0.5455  test_acc=73.93% (last=69.94%)  (25.85s)
[126/1000] deep4  hidden=512,256,128,64           bs=4096 lr=0.004  do=0.2  wd=0.0001 test_rmse=0.4943  test_acc=74.71% (last=74.71%)  (15.81s)
[127/1000] big4   hidden=1024,512,256,128         bs=4096 lr=0.003  do=0.05 wd=0.0005 test_rmse=0.5675  test_acc=74.61% (last=74.61%)  (21.76s)
[128/1000] big5   hidden=1024,512,256,128,64      bs=2048 lr=0.004  do=0.1  wd=0.0001 test_rmse=0.4641  test_acc=76.15% (last=74.63%)  (22.67s)
[129/1000] big4   hidden=1024,512,256,128         bs=8192 lr=0.002  do=0.05 wd=0.001  test_rmse=0.7144  test_acc=70.42% (last=70.42%)  (20.2s)
[130/1000] huge3  hidden=2048,1024,512            bs=2048 lr=0.003  do=0.2  wd=0.0    test_rmse=0.4003  test_acc=77.28% (last=76.78%)  (35.72s)
[131/1000] deep6  hidden=1024,512,512,256,128,64  bs=2048 lr=0.002  do=0.2  wd=0.001  test_rmse=0.9086  test_acc=57.10% (last=14.34%)  (25.13s)
[132/1000] big5   hidden=1024,512,256,128,64      bs=8192 lr=0.002  do=0.2  wd=0.0    test_rmse=0.8839  test_acc=65.86% (last=65.86%)  (20.78s)
[133/1000] huge4  hidden=2048,1024,512,256        bs=1024 lr=0.001  do=0.0  wd=0.0005 test_rmse=0.3995  test_acc=78.49% (last=78.49%)  (36.53s)
[134/1000] deep6  hidden=1024,512,512,256,128,64  bs=2048 lr=0.002  do=0.1  wd=0.0    test_rmse=0.5731  test_acc=72.11% (last=27.55%)  (26.69s)
[135/1000] big5   hidden=1024,512,256,128,64      bs=1024 lr=0.001  do=0.05 wd=0.001  test_rmse=0.4634  test_acc=75.89% (last=71.16%)  (23.25s)
[136/1000] big4   hidden=1024,512,256,128         bs=1024 lr=0.002  do=0.05 wd=0.001  test_rmse=0.4021  test_acc=76.88% (last=76.88%)  (22.14s)
[137/1000] deep4  hidden=512,256,128,64           bs=4096 lr=0.0015 do=0.05 wd=1e-06  test_rmse=0.7688  test_acc=73.26% (last=73.26%)  (14.82s)
[138/1000] huge3  hidden=2048,1024,512            bs=4096 lr=0.001  do=0.0  wd=1e-05  test_rmse=0.5030  test_acc=76.28% (last=76.28%)  (28.81s)
[139/1000] big5   hidden=1024,512,256,128,64      bs=4096 lr=0.001  do=0.0  wd=0.0005 test_rmse=0.7393  test_acc=74.08% (last=74.08%)  (18.15s)
[140/1000] deep6  hidden=1024,512,512,256,128,64  bs=4096 lr=0.001  do=0.2  wd=0.0005 test_rmse=0.8095  test_acc=64.74% (last=64.74%)  (25.08s)
[141/1000] deep4  hidden=512,256,128,64           bs=1024 lr=0.0015 do=0.1  wd=0.0    test_rmse=0.4865  test_acc=75.73% (last=75.62%)  (17.11s)
[142/1000] deep6  hidden=1024,512,512,256,128,64  bs=4096 lr=0.003  do=0.2  wd=1e-05  test_rmse=1.7344  test_acc=24.56% (last=7.97%)  (25.77s)
[143/1000] huge3  hidden=2048,1024,512            bs=8192 lr=0.004  do=0.2  wd=0.0    test_rmse=1.2543  test_acc=38.49% (last=34.01%)  (34.21s)
[144/1000] huge3  hidden=2048,1024,512            bs=4096 lr=0.002  do=0.0  wd=0.0    test_rmse=0.5160  test_acc=75.38% (last=75.38%)  (28.64s)
[145/1000] big5   hidden=1024,512,256,128,64      bs=4096 lr=0.003  do=0.0  wd=1e-06  test_rmse=0.5647  test_acc=74.34% (last=74.34%)  (18.09s)
[146/1000] wide3  hidden=1024,1024,512            bs=8192 lr=0.002  do=0.2  wd=0.0    test_rmse=0.5305  test_acc=74.73% (last=74.73%)  (25.75s)
[147/1000] huge3  hidden=2048,1024,512            bs=1024 lr=0.002  do=0.2  wd=0.0005 test_rmse=0.4078  test_acc=77.84% (last=77.84%)  (41.51s)
[148/1000] big5   hidden=1024,512,256,128,64      bs=8192 lr=0.003  do=0.1  wd=1e-06  test_rmse=0.5849  test_acc=73.63% (last=67.42%)  (20.94s)
[149/1000] big5   hidden=1024,512,256,128,64      bs=2048 lr=0.001  do=0.0  wd=1e-05  test_rmse=0.5337  test_acc=76.57% (last=76.57%)  (19.36s)
[150/1000] big4   hidden=1024,512,256,128         bs=2048 lr=0.002  do=0.0  wd=1e-06  test_rmse=0.4282  test_acc=77.67% (last=77.67%)  (18.0s)
[151/1000] big5   hidden=1024,512,256,128,64      bs=2048 lr=0.0015 do=0.2  wd=0.0005 test_rmse=0.5381  test_acc=73.45% (last=60.26%)  (21.93s)
[152/1000] huge3  hidden=2048,1024,512            bs=4096 lr=0.0015 do=0.0  wd=0.0001 test_rmse=0.4610  test_acc=77.31% (last=77.31%)  (29.38s)
[153/1000] big4   hidden=1024,512,256,128         bs=4096 lr=0.004  do=0.2  wd=1e-05  test_rmse=0.4587  test_acc=75.70% (last=75.70%)  (21.16s)
[154/1000] huge4  hidden=2048,1024,512,256        bs=1024 lr=0.002  do=0.05 wd=1e-05  test_rmse=0.3937  test_acc=78.16% (last=77.69%)  (45.05s)
[155/1000] deep4  hidden=512,256,128,64           bs=4096 lr=0.004  do=0.2  wd=0.0    test_rmse=0.5392  test_acc=74.95% (last=74.95%)  (15.15s)
[156/1000] big4   hidden=1024,512,256,128         bs=8192 lr=0.0015 do=0.0  wd=0.0005 test_rmse=0.9248  test_acc=68.75% (last=68.75%)  (17.17s)
[157/1000] wide3  hidden=1024,1024,512            bs=4096 lr=0.0015 do=0.05 wd=0.0001 test_rmse=0.4981  test_acc=76.13% (last=76.13%)  (27.39s)
[158/1000] huge4  hidden=2048,1024,512,256        bs=2048 lr=0.002  do=0.0  wd=0.001  test_rmse=0.4057  test_acc=78.42% (last=78.42%)  (33.57s)
[159/1000] huge3  hidden=2048,1024,512            bs=1024 lr=0.003  do=0.2  wd=0.0001 test_rmse=0.4152  test_acc=74.92% (last=75.22%)  (42.89s)
[160/1000] big5   hidden=1024,512,256,128,64      bs=4096 lr=0.003  do=0.1  wd=1e-05  test_rmse=0.4779  test_acc=76.21% (last=69.27%)  (23.53s)
[161/1000] deep6  hidden=1024,512,512,256,128,64  bs=4096 lr=0.003  do=0.2  wd=0.0001 test_rmse=1.7339  test_acc=24.58% (last=8.30%)  (25.56s)
[162/1000] huge4  hidden=2048,1024,512,256        bs=8192 lr=0.0015 do=0.0  wd=0.0001 test_rmse=0.9292  test_acc=67.10% (last=67.10%)  (30.87s)
[163/1000] big5   hidden=1024,512,256,128,64      bs=2048 lr=0.0015 do=0.1  wd=0.0    test_rmse=0.5002  test_acc=75.87% (last=64.91%)  (23.52s)
[164/1000] wide3  hidden=1024,1024,512            bs=8192 lr=0.0015 do=0.05 wd=0.0005 test_rmse=0.7283  test_acc=67.02% (last=67.02%)  (26.02s)
[165/1000] big4   hidden=1024,512,256,128         bs=1024 lr=0.003  do=0.2  wd=0.0    test_rmse=0.5381  test_acc=74.47% (last=53.21%)  (24.94s)
[166/1000] big4   hidden=1024,512,256,128         bs=2048 lr=0.003  do=0.2  wd=1e-06  test_rmse=0.4911  test_acc=75.97% (last=75.97%)  (23.59s)
[167/1000] huge3  hidden=2048,1024,512            bs=4096 lr=0.0015 do=0.05 wd=0.001  test_rmse=0.4631  test_acc=76.77% (last=76.77%)  (35.16s)
[168/1000] wide3  hidden=1024,1024,512            bs=2048 lr=0.0015 do=0.2  wd=0.001  test_rmse=0.4456  test_acc=77.30% (last=77.30%)  (29.35s)
[169/1000] deep4  hidden=512,256,128,64           bs=2048 lr=0.003  do=0.0  wd=0.0001 test_rmse=0.4488  test_acc=77.28% (last=77.28%)  (13.22s)
[170/1000] deep6  hidden=1024,512,512,256,128,64  bs=2048 lr=0.004  do=0.05 wd=0.0001 test_rmse=0.4630  test_acc=76.52% (last=76.52%)  (26.43s)
[171/1000] deep4  hidden=512,256,128,64           bs=2048 lr=0.002  do=0.0  wd=1e-06  test_rmse=0.4703  test_acc=76.82% (last=76.82%)  (13.25s)
[172/1000] big4   hidden=1024,512,256,128         bs=1024 lr=0.002  do=0.0  wd=1e-06  test_rmse=0.3868  test_acc=78.77% (last=78.77%)  (20.99s)
[173/1000] big5   hidden=1024,512,256,128,64      bs=8192 lr=0.004  do=0.05 wd=0.001  test_rmse=0.7957  test_acc=61.84% (last=61.84%)  (20.83s)
[174/1000] deep4  hidden=512,256,128,64           bs=4096 lr=0.003  do=0.05 wd=0.0    test_rmse=0.5132  test_acc=75.62% (last=75.62%)  (15.09s)
[175/1000] deep6  hidden=1024,512,512,256,128,64  bs=8192 lr=0.002  do=0.05 wd=0.0005 test_rmse=0.7675  test_acc=68.62% (last=68.62%)  (23.71s)
[176/1000] huge3  hidden=2048,1024,512            bs=1024 lr=0.0015 do=0.2  wd=0.0001 test_rmse=0.4132  test_acc=76.72% (last=76.94%)  (44.14s)
[177/1000] huge4  hidden=2048,1024,512,256        bs=1024 lr=0.0015 do=0.0  wd=0.0    test_rmse=0.3985  test_acc=78.50% (last=78.50%)  (38.26s)
[178/1000] huge4  hidden=2048,1024,512,256        bs=1024 lr=0.0015 do=0.1  wd=0.0005 test_rmse=0.4119  test_acc=77.76% (last=77.76%)  (45.99s)
[179/1000] big4   hidden=1024,512,256,128         bs=1024 lr=0.001  do=0.1  wd=0.001  test_rmse=0.4354  test_acc=76.95% (last=73.56%)  (25.46s)
[180/1000] deep6  hidden=1024,512,512,256,128,64  bs=2048 lr=0.003  do=0.05 wd=0.001  test_rmse=1.0873  test_acc=44.19% (last=25.22%)  (26.44s)
[181/1000] deep4  hidden=512,256,128,64           bs=8192 lr=0.002  do=0.2  wd=0.001  test_rmse=0.7425  test_acc=69.56% (last=69.56%)  (15.04s)
[182/1000] big5   hidden=1024,512,256,128,64      bs=2048 lr=0.003  do=0.1  wd=1e-06  test_rmse=0.4595  test_acc=74.61% (last=69.48%)  (23.56s)
[183/1000] huge3  hidden=2048,1024,512            bs=1024 lr=0.0015 do=0.1  wd=0.001  test_rmse=0.3885  test_acc=77.65% (last=77.65%)  (43.25s)
[184/1000] huge3  hidden=2048,1024,512            bs=4096 lr=0.003  do=0.2  wd=0.0005 test_rmse=0.4445  test_acc=76.97% (last=76.97%)  (34.97s)
[185/1000] big5   hidden=1024,512,256,128,64      bs=2048 lr=0.001  do=0.1  wd=0.001  test_rmse=0.5982  test_acc=74.47% (last=74.47%)  (23.49s)
[186/1000] big4   hidden=1024,512,256,128         bs=4096 lr=0.003  do=0.05 wd=0.0001 test_rmse=0.5675  test_acc=74.62% (last=74.62%)  (21.39s)
[187/1000] big5   hidden=1024,512,256,128,64      bs=2048 lr=0.002  do=0.05 wd=0.0005 test_rmse=0.5545  test_acc=75.96% (last=68.97%)  (22.57s)
[188/1000] big4   hidden=1024,512,256,128         bs=1024 lr=0.003  do=0.05 wd=1e-05  test_rmse=0.4121  test_acc=77.41% (last=76.47%)  (24.26s)
[189/1000] big4   hidden=1024,512,256,128         bs=4096 lr=0.0015 do=0.2  wd=0.0005 test_rmse=0.5892  test_acc=74.83% (last=74.83%)  (22.57s)
[190/1000] huge3  hidden=2048,1024,512            bs=1024 lr=0.003  do=0.1  wd=0.0    test_rmse=0.3906  test_acc=78.26% (last=74.81%)  (44.36s)
[191/1000] deep4  hidden=512,256,128,64           bs=4096 lr=0.002  do=0.0  wd=0.0005 test_rmse=0.5604  test_acc=74.73% (last=74.73%)  (15.34s)
[192/1000] big5   hidden=1024,512,256,128,64      bs=1024 lr=0.002  do=0.2  wd=0.0001 test_rmse=0.4781  test_acc=73.90% (last=66.73%)  (24.61s)
[193/1000] huge4  hidden=2048,1024,512,256        bs=4096 lr=0.004  do=0.0  wd=0.0005 test_rmse=0.4808  test_acc=75.45% (last=75.45%)  (36.0s)
[194/1000] big4   hidden=1024,512,256,128         bs=1024 lr=0.003  do=0.0  wd=0.0001 test_rmse=0.3926  test_acc=78.61% (last=77.86%)  (20.26s)
[195/1000] big5   hidden=1024,512,256,128,64      bs=1024 lr=0.003  do=0.05 wd=0.0005 test_rmse=0.4281  test_acc=74.97% (last=76.36%)  (25.57s)
[196/1000] huge3  hidden=2048,1024,512            bs=4096 lr=0.001  do=0.05 wd=0.0005 test_rmse=0.5045  test_acc=76.16% (last=76.16%)  (39.89s)
[197/1000] wide3  hidden=1024,1024,512            bs=8192 lr=0.001  do=0.0  wd=0.0    test_rmse=0.9856  test_acc=68.73% (last=68.73%)  (22.63s)
[198/1000] deep6  hidden=1024,512,512,256,128,64  bs=2048 lr=0.001  do=0.05 wd=0.001  test_rmse=0.5889  test_acc=73.41% (last=71.67%)  (29.81s)
[199/1000] big5   hidden=1024,512,256,128,64      bs=1024 lr=0.002  do=0.05 wd=1e-05  test_rmse=0.4431  test_acc=76.95% (last=76.95%)  (26.07s)
[200/1000] huge3  hidden=2048,1024,512            bs=2048 lr=0.002  do=0.1  wd=0.001  test_rmse=0.4442  test_acc=76.96% (last=76.96%)  (38.74s)
[201/1000] wide3  hidden=1024,1024,512            bs=1024 lr=0.0015 do=0.1  wd=1e-05  test_rmse=0.4027  test_acc=78.38% (last=77.20%)  (35.46s)
[202/1000] huge3  hidden=2048,1024,512            bs=8192 lr=0.0015 do=0.05 wd=0.0005 test_rmse=0.5738  test_acc=73.85% (last=73.85%)  (37.63s)
[203/1000] huge3  hidden=2048,1024,512            bs=1024 lr=0.002  do=0.05 wd=1e-05  test_rmse=0.3877  test_acc=78.60% (last=78.60%)  (43.46s)
[204/1000] deep4  hidden=512,256,128,64           bs=4096 lr=0.004  do=0.05 wd=0.0    test_rmse=0.4710  test_acc=76.65% (last=76.65%)  (16.72s)
[205/1000] big5   hidden=1024,512,256,128,64      bs=8192 lr=0.001  do=0.2  wd=0.0005 test_rmse=1.3462  test_acc=60.48% (last=52.49%)  (21.56s)
[206/1000] deep6  hidden=1024,512,512,256,128,64  bs=2048 lr=0.003  do=0.05 wd=0.0005 test_rmse=1.0773  test_acc=44.83% (last=25.65%)  (26.39s)
[207/1000] deep6  hidden=1024,512,512,256,128,64  bs=1024 lr=0.002  do=0.1  wd=0.0    test_rmse=0.5499  test_acc=73.25% (last=67.82%)  (28.61s)
[208/1000] big5   hidden=1024,512,256,128,64      bs=8192 lr=0.0015 do=0.2  wd=1e-05  test_rmse=0.9118  test_acc=64.72% (last=57.59%)  (21.09s)
[209/1000] big5   hidden=1024,512,256,128,64      bs=8192 lr=0.003  do=0.2  wd=0.0001 test_rmse=0.7166  test_acc=65.90% (last=51.78%)  (21.29s)
[210/1000] big4   hidden=1024,512,256,128         bs=4096 lr=0.003  do=0.05 wd=1e-06  test_rmse=0.5675  test_acc=74.61% (last=74.61%)  (21.29s)
[211/1000] huge4  hidden=2048,1024,512,256        bs=2048 lr=0.004  do=0.0  wd=0.0    test_rmse=0.5618  test_acc=66.16% (last=66.40%)  (32.03s)
[212/1000] big5   hidden=1024,512,256,128,64      bs=1024 lr=0.004  do=0.2  wd=0.001  test_rmse=2.8341  test_acc=7.54% (last=4.42%)  (23.87s)
[213/1000] big4   hidden=1024,512,256,128         bs=4096 lr=0.004  do=0.0  wd=1e-06  test_rmse=0.4170  test_acc=78.42% (last=78.42%)  (17.82s)
[214/1000] deep4  hidden=512,256,128,64           bs=2048 lr=0.004  do=0.1  wd=1e-06  test_rmse=0.4561  test_acc=75.38% (last=75.84%)  (14.33s)
[215/1000] big4   hidden=1024,512,256,128         bs=4096 lr=0.002  do=0.0  wd=1e-06  test_rmse=0.5231  test_acc=75.90% (last=75.90%)  (18.53s)
[216/1000] deep6  hidden=1024,512,512,256,128,64  bs=2048 lr=0.004  do=0.1  wd=0.0005 test_rmse=0.8216  test_acc=55.13% (last=13.06%)  (26.61s)
[217/1000] deep4  hidden=512,256,128,64           bs=1024 lr=0.001  do=0.0  wd=1e-05  test_rmse=0.4741  test_acc=77.52% (last=77.52%)  (15.18s)
[218/1000] wide3  hidden=1024,1024,512            bs=8192 lr=0.002  do=0.1  wd=0.0001 test_rmse=0.8939  test_acc=66.83% (last=62.40%)  (25.84s)
[219/1000] big4   hidden=1024,512,256,128         bs=4096 lr=0.002  do=0.0  wd=0.0    test_rmse=0.5160  test_acc=76.37% (last=76.37%)  (17.95s)
[220/1000] huge4  hidden=2048,1024,512,256        bs=4096 lr=0.001  do=0.2  wd=0.0005 test_rmse=0.6496  test_acc=72.99% (last=72.99%)  (37.71s)
[221/1000] huge3  hidden=2048,1024,512            bs=1024 lr=0.004  do=0.05 wd=0.0001 test_rmse=0.7154  test_acc=69.32% (last=56.88%)  (43.81s)
[222/1000] huge3  hidden=2048,1024,512            bs=2048 lr=0.0015 do=0.05 wd=0.001  test_rmse=0.4016  test_acc=78.34% (last=78.34%)  (36.96s)
[223/1000] big4   hidden=1024,512,256,128         bs=8192 lr=0.001  do=0.05 wd=1e-06  test_rmse=1.1768  test_acc=64.78% (last=64.78%)  (20.8s)
[224/1000] huge3  hidden=2048,1024,512            bs=8192 lr=0.004  do=0.05 wd=0.0005 test_rmse=0.9481  test_acc=52.34% (last=52.34%)  (35.66s)
[225/1000] huge4  hidden=2048,1024,512,256        bs=2048 lr=0.004  do=0.2  wd=1e-05  test_rmse=0.8599  test_acc=46.21% (last=46.21%)  (37.94s)
[226/1000] big4   hidden=1024,512,256,128         bs=2048 lr=0.0015 do=0.2  wd=1e-05  test_rmse=0.4943  test_acc=76.03% (last=76.03%)  (22.17s)
[227/1000] huge4  hidden=2048,1024,512,256        bs=4096 lr=0.002  do=0.1  wd=1e-06  test_rmse=0.5156  test_acc=75.74% (last=75.74%)  (37.26s)
[228/1000] huge3  hidden=2048,1024,512            bs=2048 lr=0.0015 do=0.05 wd=0.001  test_rmse=0.4062  test_acc=78.19% (last=78.19%)  (36.72s)
[229/1000] deep6  hidden=1024,512,512,256,128,64  bs=1024 lr=0.004  do=0.1  wd=0.0    test_rmse=0.5064  test_acc=74.68% (last=32.13%)  (28.93s)
[230/1000] deep6  hidden=1024,512,512,256,128,64  bs=1024 lr=0.002  do=0.0  wd=1e-06  test_rmse=0.4065  test_acc=78.36% (last=78.36%)  (22.95s)
[231/1000] huge3  hidden=2048,1024,512            bs=1024 lr=0.002  do=0.05 wd=1e-05  test_rmse=0.3877  test_acc=78.60% (last=78.60%)  (50.88s)
[232/1000] wide3  hidden=1024,1024,512            bs=4096 lr=0.003  do=0.1  wd=0.0001 test_rmse=0.9871  test_acc=50.24% (last=30.90%)  (31.03s)
[233/1000] deep6  hidden=1024,512,512,256,128,64  bs=8192 lr=0.0015 do=0.2  wd=0.0001 test_rmse=1.0260  test_acc=64.80% (last=64.80%)  (24.46s)
[234/1000] big4   hidden=1024,512,256,128         bs=4096 lr=0.003  do=0.05 wd=0.0    test_rmse=0.5675  test_acc=74.61% (last=74.61%)  (21.65s)
[235/1000] deep6  hidden=1024,512,512,256,128,64  bs=1024 lr=0.003  do=0.05 wd=0.001  test_rmse=0.8558  test_acc=53.66% (last=21.07%)  (29.13s)
[236/1000] huge3  hidden=2048,1024,512            bs=2048 lr=0.004  do=0.1  wd=1e-05  test_rmse=0.7818  test_acc=64.39% (last=29.01%)  (36.56s)
[237/1000] big5   hidden=1024,512,256,128,64      bs=1024 lr=0.001  do=0.1  wd=0.001  test_rmse=0.4722  test_acc=76.07% (last=63.28%)  (25.5s)
[238/1000] huge3  hidden=2048,1024,512            bs=1024 lr=0.002  do=0.1  wd=0.0005 test_rmse=0.3879  test_acc=78.48% (last=78.48%)  (45.24s)
[239/1000] huge4  hidden=2048,1024,512,256        bs=2048 lr=0.002  do=0.0  wd=0.001  test_rmse=0.3892  test_acc=78.80% (last=69.41%)  (32.86s)
[240/1000] huge4  hidden=2048,1024,512,256        bs=4096 lr=0.001  do=0.0  wd=1e-06  test_rmse=0.5969  test_acc=74.46% (last=74.46%)  (30.58s)
[241/1000] big4   hidden=1024,512,256,128         bs=2048 lr=0.002  do=0.05 wd=0.001  test_rmse=0.4353  test_acc=77.64% (last=77.64%)  (22.44s)
[242/1000] huge4  hidden=2048,1024,512,256        bs=1024 lr=0.004  do=0.1  wd=1e-06  test_rmse=0.4053  test_acc=77.65% (last=77.34%)  (45.81s)
[243/1000] huge4  hidden=2048,1024,512,256        bs=8192 lr=0.002  do=0.1  wd=0.0    test_rmse=0.5973  test_acc=72.04% (last=72.04%)  (38.52s)
[244/1000] deep4  hidden=512,256,128,64           bs=4096 lr=0.0015 do=0.0  wd=0.0005 test_rmse=0.6023  test_acc=73.98% (last=73.98%)  (15.41s)
[245/1000] deep4  hidden=512,256,128,64           bs=2048 lr=0.004  do=0.0  wd=0.0    test_rmse=0.4305  test_acc=78.10% (last=78.10%)  (14.01s)
[246/1000] deep4  hidden=512,256,128,64           bs=1024 lr=0.001  do=0.0  wd=1e-06  test_rmse=0.4741  test_acc=77.52% (last=77.52%)  (13.99s)
[247/1000] big4   hidden=1024,512,256,128         bs=8192 lr=0.001  do=0.05 wd=1e-06  test_rmse=0.9427  test_acc=70.81% (last=70.81%)  (21.48s)
[248/1000] huge3  hidden=2048,1024,512            bs=1024 lr=0.0015 do=0.05 wd=1e-06  test_rmse=0.3780  test_acc=78.70% (last=78.70%)  (44.85s)
[249/1000] deep4  hidden=512,256,128,64           bs=1024 lr=0.003  do=0.05 wd=0.0001 test_rmse=0.4610  test_acc=75.63% (last=74.64%)  (15.28s)
[250/1000] huge4  hidden=2048,1024,512,256        bs=8192 lr=0.002  do=0.05 wd=0.0    test_rmse=0.6562  test_acc=70.46% (last=70.46%)  (37.33s)
[251/1000] deep6  hidden=1024,512,512,256,128,64  bs=1024 lr=0.0015 do=0.05 wd=0.001  test_rmse=0.4860  test_acc=75.49% (last=60.76%)  (28.77s)
[252/1000] deep6  hidden=1024,512,512,256,128,64  bs=1024 lr=0.0015 do=0.1  wd=0.0001 test_rmse=0.4631  test_acc=76.44% (last=58.47%)  (28.19s)
[253/1000] deep4  hidden=512,256,128,64           bs=4096 lr=0.002  do=0.2  wd=0.0    test_rmse=0.7277  test_acc=72.55% (last=72.55%)  (15.75s)
[254/1000] big4   hidden=1024,512,256,128         bs=1024 lr=0.002  do=0.05 wd=0.0001 test_rmse=0.4019  test_acc=76.90% (last=76.90%)  (25.02s)
[255/1000] deep4  hidden=512,256,128,64           bs=1024 lr=0.002  do=0.05 wd=1e-05  test_rmse=0.4344  test_acc=76.49% (last=76.79%)  (15.59s)
[256/1000] deep4  hidden=512,256,128,64           bs=2048 lr=0.001  do=0.2  wd=1e-06  test_rmse=0.6114  test_acc=73.43% (last=73.43%)  (15.41s)
[257/1000] huge3  hidden=2048,1024,512            bs=4096 lr=0.0015 do=0.2  wd=1e-05  test_rmse=0.4671  test_acc=76.88% (last=76.88%)  (36.98s)
[258/1000] huge4  hidden=2048,1024,512,256        bs=1024 lr=0.0015 do=0.2  wd=1e-06  test_rmse=0.4190  test_acc=76.82% (last=76.82%)  (45.96s)
[259/1000] deep6  hidden=1024,512,512,256,128,64  bs=8192 lr=0.003  do=0.2  wd=0.0    test_rmse=1.6024  test_acc=34.41% (last=34.41%)  (24.47s)
[260/1000] big4   hidden=1024,512,256,128         bs=8192 lr=0.001  do=0.05 wd=0.001  test_rmse=0.9427  test_acc=70.81% (last=70.81%)  (21.33s)
[261/1000] big4   hidden=1024,512,256,128         bs=1024 lr=0.0015 do=0.2  wd=1e-06  test_rmse=0.4668  test_acc=74.00% (last=71.62%)  (24.44s)
[262/1000] big4   hidden=1024,512,256,128         bs=1024 lr=0.0015 do=0.05 wd=0.001  test_rmse=0.4136  test_acc=76.83% (last=76.66%)  (22.64s)
[263/1000] huge3  hidden=2048,1024,512            bs=2048 lr=0.0015 do=0.2  wd=0.001  test_rmse=0.4110  test_acc=77.61% (last=75.44%)  (38.05s)
[264/1000] big4   hidden=1024,512,256,128         bs=8192 lr=0.001  do=0.1  wd=1e-06  test_rmse=1.1916  test_acc=63.50% (last=63.50%)  (21.61s)
[265/1000] deep6  hidden=1024,512,512,256,128,64  bs=2048 lr=0.002  do=0.2  wd=0.0    test_rmse=0.4805  test_acc=75.28% (last=66.04%)  (26.85s)
[266/1000] huge4  hidden=2048,1024,512,256        bs=4096 lr=0.0015 do=0.1  wd=0.0001 test_rmse=0.6555  test_acc=72.76% (last=72.76%)  (37.85s)
[267/1000] huge3  hidden=2048,1024,512            bs=8192 lr=0.002  do=0.2  wd=0.0    test_rmse=0.9179  test_acc=60.05% (last=60.05%)  (35.09s)
[268/1000] big5   hidden=1024,512,256,128,64      bs=4096 lr=0.004  do=0.05 wd=0.001  test_rmse=0.6206  test_acc=72.38% (last=72.38%)  (22.17s)
[269/1000] deep4  hidden=512,256,128,64           bs=4096 lr=0.001  do=0.2  wd=0.0001 test_rmse=0.7520  test_acc=71.67% (last=71.67%)  (16.3s)
[270/1000] wide3  hidden=1024,1024,512            bs=8192 lr=0.002  do=0.05 wd=1e-05  test_rmse=0.7748  test_acc=66.24% (last=66.24%)  (26.04s)
[271/1000] huge4  hidden=2048,1024,512,256        bs=8192 lr=0.003  do=0.0  wd=1e-06  test_rmse=1.1671  test_acc=50.32% (last=50.32%)  (29.66s)
[272/1000] deep4  hidden=512,256,128,64           bs=1024 lr=0.0015 do=0.0  wd=0.0001 test_rmse=0.4318  test_acc=77.93% (last=77.93%)  (14.15s)
[273/1000] huge3  hidden=2048,1024,512            bs=1024 lr=0.003  do=0.05 wd=0.0005 test_rmse=0.3808  test_acc=78.19% (last=78.19%)  (43.36s)
[274/1000] huge4  hidden=2048,1024,512,256        bs=4096 lr=0.0015 do=0.2  wd=0.0005 test_rmse=0.7068  test_acc=71.86% (last=70.93%)  (37.27s)
[275/1000] huge4  hidden=2048,1024,512,256        bs=8192 lr=0.004  do=0.0  wd=1e-06  test_rmse=0.7661  test_acc=59.20% (last=59.20%)  (30.8s)
[276/1000] huge4  hidden=2048,1024,512,256        bs=1024 lr=0.003  do=0.0  wd=0.0005 test_rmse=0.4135  test_acc=78.49% (last=78.49%)  (39.87s)
[277/1000] big5   hidden=1024,512,256,128,64      bs=2048 lr=0.002  do=0.05 wd=0.0    test_rmse=0.4940  test_acc=75.87% (last=75.72%)  (24.54s)
[278/1000] big4   hidden=1024,512,256,128         bs=4096 lr=0.0015 do=0.1  wd=0.0005 test_rmse=0.5776  test_acc=75.09% (last=75.09%)  (22.72s)
[279/1000] huge4  hidden=2048,1024,512,256        bs=4096 lr=0.002  do=0.1  wd=0.0    test_rmse=0.4448  test_acc=77.37% (last=77.37%)  (37.98s)
[280/1000] big4   hidden=1024,512,256,128         bs=1024 lr=0.002  do=0.2  wd=1e-06  test_rmse=0.4539  test_acc=73.95% (last=74.76%)  (25.7s)
[281/1000] deep4  hidden=512,256,128,64           bs=2048 lr=0.002  do=0.0  wd=0.0005 test_rmse=0.5001  test_acc=76.76% (last=76.76%)  (14.24s)
[282/1000] deep4  hidden=512,256,128,64           bs=4096 lr=0.0015 do=0.2  wd=0.0005 test_rmse=0.6459  test_acc=73.41% (last=73.41%)  (19.36s)
[283/1000] deep6  hidden=1024,512,512,256,128,64  bs=1024 lr=0.004  do=0.0  wd=0.0005 test_rmse=0.4104  test_acc=77.48% (last=77.48%)  (21.92s)
[284/1000] wide3  hidden=1024,1024,512            bs=2048 lr=0.001  do=0.2  wd=1e-06  test_rmse=0.4761  test_acc=76.50% (last=76.50%)  (31.29s)
[285/1000] big4   hidden=1024,512,256,128         bs=2048 lr=0.0015 do=0.05 wd=0.0    test_rmse=0.4796  test_acc=76.89% (last=76.89%)  (24.44s)
[286/1000] huge4  hidden=2048,1024,512,256        bs=4096 lr=0.002  do=0.1  wd=0.001  test_rmse=0.5156  test_acc=75.74% (last=75.74%)  (39.38s)
[287/1000] huge4  hidden=2048,1024,512,256        bs=4096 lr=0.0015 do=0.2  wd=0.001  test_rmse=0.7069  test_acc=71.86% (last=70.94%)  (40.53s)
[288/1000] deep6  hidden=1024,512,512,256,128,64  bs=1024 lr=0.001  do=0.2  wd=0.0001 test_rmse=0.4856  test_acc=75.44% (last=71.19%)  (30.33s)
[289/1000] deep6  hidden=1024,512,512,256,128,64  bs=1024 lr=0.0015 do=0.05 wd=0.001  test_rmse=0.4860  test_acc=75.49% (last=60.76%)  (29.79s)
[290/1000] huge3  hidden=2048,1024,512            bs=4096 lr=0.004  do=0.0  wd=1e-06  test_rmse=0.5263  test_acc=74.60% (last=74.60%)  (30.33s)
[291/1000] deep4  hidden=512,256,128,64           bs=4096 lr=0.002  do=0.1  wd=0.0005 test_rmse=0.5869  test_acc=73.94% (last=73.94%)  (16.32s)
[292/1000] huge4  hidden=2048,1024,512,256        bs=8192 lr=0.0015 do=0.2  wd=0.0005 test_rmse=1.2249  test_acc=56.49% (last=56.49%)  (39.66s)
[293/1000] wide3  hidden=1024,1024,512            bs=4096 lr=0.0015 do=0.1  wd=0.0001 test_rmse=0.5183  test_acc=75.69% (last=75.69%)  (28.09s)
[294/1000] deep6  hidden=1024,512,512,256,128,64  bs=2048 lr=0.0015 do=0.1  wd=1e-06  test_rmse=0.5181  test_acc=73.85% (last=73.85%)  (28.39s)
[295/1000] deep6  hidden=1024,512,512,256,128,64  bs=2048 lr=0.003  do=0.1  wd=0.0    test_rmse=0.7734  test_acc=56.06% (last=35.82%)  (27.08s)
[296/1000] big5   hidden=1024,512,256,128,64      bs=1024 lr=0.001  do=0.05 wd=0.0    test_rmse=0.4834  test_acc=75.84% (last=69.54%)  (24.86s)
[297/1000] huge4  hidden=2048,1024,512,256        bs=8192 lr=0.001  do=0.1  wd=1e-06  test_rmse=0.9347  test_acc=71.07% (last=71.07%)  (36.78s)
[298/1000] huge4  hidden=2048,1024,512,256        bs=2048 lr=0.003  do=0.05 wd=0.0    test_rmse=0.6375  test_acc=61.96% (last=61.96%)  (39.31s)
[299/1000] deep6  hidden=1024,512,512,256,128,64  bs=4096 lr=0.004  do=0.05 wd=0.0001 test_rmse=0.5485  test_acc=74.04% (last=72.31%)  (26.31s)
[300/1000] deep6  hidden=1024,512,512,256,128,64  bs=1024 lr=0.001  do=0.0  wd=0.0001 test_rmse=0.4112  test_acc=78.41% (last=78.41%)  (24.44s)
[301/1000] wide3  hidden=1024,1024,512            bs=4096 lr=0.004  do=0.1  wd=0.0001 test_rmse=0.4420  test_acc=76.85% (last=76.85%)  (31.27s)
[302/1000] deep4  hidden=512,256,128,64           bs=1024 lr=0.004  do=0.05 wd=1e-05  test_rmse=0.4405  test_acc=76.31% (last=73.57%)  (18.39s)
[303/1000] huge4  hidden=2048,1024,512,256        bs=4096 lr=0.0015 do=0.1  wd=1e-06  test_rmse=0.6161  test_acc=72.89% (last=72.89%)  (41.46s)
[304/1000] huge4  hidden=2048,1024,512,256        bs=1024 lr=0.002  do=0.1  wd=0.0005 test_rmse=0.4035  test_acc=77.08% (last=70.50%)  (46.48s)
[305/1000] huge4  hidden=2048,1024,512,256        bs=2048 lr=0.003  do=0.1  wd=0.0    test_rmse=0.5503  test_acc=68.15% (last=67.56%)  (41.84s)
[306/1000] deep6  hidden=1024,512,512,256,128,64  bs=4096 lr=0.003  do=0.2  wd=1e-05  test_rmse=1.6422  test_acc=27.40% (last=9.97%)  (28.9s)
[307/1000] deep4  hidden=512,256,128,64           bs=2048 lr=0.002  do=0.2  wd=0.0005 test_rmse=0.5131  test_acc=74.14% (last=74.14%)  (16.54s)
[308/1000] huge4  hidden=2048,1024,512,256        bs=2048 lr=0.002  do=0.2  wd=1e-06  test_rmse=0.4287  test_acc=77.42% (last=72.19%)  (40.92s)
[309/1000] deep4  hidden=512,256,128,64           bs=8192 lr=0.003  do=0.1  wd=0.0    test_rmse=0.6441  test_acc=69.46% (last=69.46%)  (15.24s)
[310/1000] huge3  hidden=2048,1024,512            bs=8192 lr=0.002  do=0.2  wd=0.0005 test_rmse=0.7869  test_acc=66.61% (last=66.61%)  (36.57s)
[311/1000] wide3  hidden=1024,1024,512            bs=1024 lr=0.0015 do=0.05 wd=1e-05  test_rmse=0.3919  test_acc=78.64% (last=78.00%)  (32.48s)
[312/1000] deep6  hidden=1024,512,512,256,128,64  bs=8192 lr=0.002  do=0.05 wd=1e-06  test_rmse=0.7381  test_acc=70.75% (last=64.99%)  (25.8s)
[313/1000] huge4  hidden=2048,1024,512,256        bs=4096 lr=0.001  do=0.1  wd=0.001  test_rmse=0.6283  test_acc=73.78% (last=73.78%)  (38.55s)
[314/1000] huge4  hidden=2048,1024,512,256        bs=8192 lr=0.002  do=0.2  wd=0.0001 test_rmse=0.7576  test_acc=64.60% (last=64.60%)  (37.88s)
[315/1000] huge4  hidden=2048,1024,512,256        bs=8192 lr=0.001  do=0.05 wd=0.0001 test_rmse=0.9304  test_acc=69.95% (last=69.95%)  (38.96s)
[316/1000] deep6  hidden=1024,512,512,256,128,64  bs=1024 lr=0.002  do=0.2  wd=1e-05  test_rmse=0.5400  test_acc=69.93% (last=49.55%)  (29.88s)
[317/1000] big4   hidden=1024,512,256,128         bs=8192 lr=0.003  do=0.05 wd=0.001  test_rmse=0.6930  test_acc=70.54% (last=70.54%)  (20.9s)
[318/1000] deep6  hidden=1024,512,512,256,128,64  bs=8192 lr=0.002  do=0.0  wd=0.0005 test_rmse=0.6842  test_acc=71.92% (last=71.92%)  (20.14s)
[319/1000] wide3  hidden=1024,1024,512            bs=2048 lr=0.001  do=0.05 wd=0.0005 test_rmse=0.4433  test_acc=77.47% (last=77.47%)  (29.32s)
[320/1000] deep4  hidden=512,256,128,64           bs=8192 lr=0.004  do=0.05 wd=0.0005 test_rmse=0.5696  test_acc=73.65% (last=73.65%)  (15.27s)
[321/1000] huge3  hidden=2048,1024,512            bs=2048 lr=0.004  do=0.1  wd=1e-06  test_rmse=0.7818  test_acc=64.39% (last=28.93%)  (37.07s)
[322/1000] wide3  hidden=1024,1024,512            bs=1024 lr=0.0015 do=0.2  wd=1e-05  test_rmse=0.4140  test_acc=77.43% (last=73.91%)  (30.94s)
[323/1000] deep6  hidden=1024,512,512,256,128,64  bs=1024 lr=0.004  do=0.05 wd=0.0    test_rmse=0.4327  test_acc=74.27% (last=37.74%)  (28.75s)
[324/1000] big5   hidden=1024,512,256,128,64      bs=4096 lr=0.004  do=0.2  wd=0.0005 test_rmse=0.6240  test_acc=65.54% (last=61.15%)  (22.31s)
[325/1000] deep6  hidden=1024,512,512,256,128,64  bs=2048 lr=0.003  do=0.2  wd=0.0005 test_rmse=0.6460  test_acc=63.54% (last=14.31%)  (26.67s)
[326/1000] big5   hidden=1024,512,256,128,64      bs=2048 lr=0.003  do=0.05 wd=0.0005 test_rmse=0.4297  test_acc=77.11% (last=77.11%)  (23.57s)
[327/1000] deep6  hidden=1024,512,512,256,128,64  bs=8192 lr=0.001  do=0.05 wd=0.0001 test_rmse=0.9349  test_acc=69.00% (last=69.00%)  (25.49s)
[328/1000] huge4  hidden=2048,1024,512,256        bs=8192 lr=0.004  do=0.05 wd=0.0001 test_rmse=0.9586  test_acc=53.35% (last=50.94%)  (37.29s)
[329/1000] huge4  hidden=2048,1024,512,256        bs=1024 lr=0.001  do=0.2  wd=0.0    test_rmse=0.4282  test_acc=77.02% (last=76.21%)  (46.58s)
[330/1000] huge3  hidden=2048,1024,512            bs=2048 lr=0.002  do=0.05 wd=0.0    test_rmse=0.4201  test_acc=77.66% (last=77.66%)  (38.56s)
[331/1000] deep6  hidden=1024,512,512,256,128,64  bs=8192 lr=0.004  do=0.1  wd=1e-05  test_rmse=1.5525  test_acc=26.09% (last=21.46%)  (26.33s)
[332/1000] deep6  hidden=1024,512,512,256,128,64  bs=4096 lr=0.0015 do=0.2  wd=1e-05  test_rmse=0.7853  test_acc=63.21% (last=63.21%)  (31.3s)
[333/1000] wide3  hidden=1024,1024,512            bs=4096 lr=0.004  do=0.2  wd=1e-05  test_rmse=0.4417  test_acc=76.74% (last=76.74%)  (30.42s)
[334/1000] wide3  hidden=1024,1024,512            bs=2048 lr=0.001  do=0.1  wd=0.0    test_rmse=0.4485  test_acc=77.31% (last=77.31%)  (32.15s)
[335/1000] deep4  hidden=512,256,128,64           bs=8192 lr=0.004  do=0.05 wd=1e-05  test_rmse=0.5697  test_acc=73.67% (last=73.67%)  (14.66s)
